<?xml version="1.0" encoding="UTF-8" ?>
<testsuite tests="1" failures="0" name="fileCopierWithCamel.SendMailTest" time="4" errors="1" skipped="0">
  <properties>
[...]
</properties>
  <testcase classname="fileCopierWithCamel.SendMailTest" name="testSendHeaders" time="4">
    <error message="Exception occurred during execution on the exchange: Exchange[ID-Ana-Mattuzzi-Stojanovics-MacBook-Pro-local-1548521783764-0-1]" type="org.apache.camel.CamelExecutionException">org.apache.camel.CamelExecutionException: Exception occurred during execution on the exchange: Exchange[ID-Ana-Mattuzzi-Stojanovics-MacBook-Pro-local-1548521783764-0-1]
	at org.apache.camel.util.ObjectHelper.wrapCamelExecutionException(ObjectHelper.java:1842)
	at org.apache.camel.util.ExchangeHelper.extractResultBody(ExchangeHelper.java:715)
	at org.apache.camel.impl.DefaultProducerTemplate.extractResultBody(DefaultProducerTemplate.java:515)
	at org.apache.camel.impl.DefaultProducerTemplate.extractResultBody(DefaultProducerTemplate.java:511)
	at org.apache.camel.impl.DefaultProducerTemplate.sendBodyAndHeaders(DefaultProducerTemplate.java:259)
	at org.apache.camel.impl.DefaultProducerTemplate.sendBodyAndHeaders(DefaultProducerTemplate.java:253)
	at fileCopierWithCamel.SendMailTest.testSendHeaders(SendMailTest.java:28)
	at sun.reflect.NativeMethodAccessorImpl.invoke0(Native Method)
	at sun.reflect.NativeMethodAccessorImpl.invoke(NativeMethodAccessorImpl.java:62)
	at sun.reflect.DelegatingMethodAccessorImpl.invoke(DelegatingMethodAccessorImpl.java:43)
	at java.lang.reflect.Method.invoke(Method.java:498)
	at org.junit.runners.model.FrameworkMethod$1.runReflectiveCall(FrameworkMethod.java:50)
	at org.junit.internal.runners.model.ReflectiveCallable.run(ReflectiveCallable.java:12)
	at org.junit.runners.model.FrameworkMethod.invokeExplosively(FrameworkMethod.java:47)
	at org.junit.internal.runners.statements.InvokeMethod.evaluate(InvokeMethod.java:17)
	at org.junit.runners.ParentRunner.runLeaf(ParentRunner.java:325)
	at org.junit.runners.BlockJUnit4ClassRunner.runChild(BlockJUnit4ClassRunner.java:78)
	at org.junit.runners.BlockJUnit4ClassRunner.runChild(BlockJUnit4ClassRunner.java:57)
	at org.junit.runners.ParentRunner$3.run(ParentRunner.java:290)
	at org.junit.runners.ParentRunner$1.schedule(ParentRunner.java:71)
	at org.junit.runners.ParentRunner.runChildren(ParentRunner.java:288)
	at org.junit.runners.ParentRunner.access$000(ParentRunner.java:58)
	at org.junit.runners.ParentRunner$2.evaluate(ParentRunner.java:268)
	at org.junit.runners.ParentRunner.run(ParentRunner.java:363)
	at org.apache.maven.surefire.junit4.JUnit4Provider.execute(JUnit4Provider.java:252)
	at org.apache.maven.surefire.junit4.JUnit4Provider.executeTestSet(JUnit4Provider.java:141)
	at org.apache.maven.surefire.junit4.JUnit4Provider.invoke(JUnit4Provider.java:112)
	at sun.reflect.NativeMethodAccessorImpl.invoke0(Native Method)
	at sun.reflect.NativeMethodAccessorImpl.invoke(NativeMethodAccessorImpl.java:62)
	at sun.reflect.DelegatingMethodAccessorImpl.invoke(DelegatingMethodAccessorImpl.java:43)
	at java.lang.reflect.Method.invoke(Method.java:498)
	at org.apache.maven.surefire.util.ReflectionUtils.invokeMethodWithArray(ReflectionUtils.java:189)
	at org.apache.maven.surefire.booter.ProviderFactory$ProviderProxy.invoke(ProviderFactory.java:165)
	at org.apache.maven.surefire.booter.ProviderFactory.invokeProvider(ProviderFactory.java:85)
	at org.apache.maven.surefire.booter.ForkedBooter.runSuitesInProcess(ForkedBooter.java:115)
	at org.apache.maven.surefire.booter.ForkedBooter.main(ForkedBooter.java:75)
Caused by: javax.mail.AuthenticationFailedException: 535-5.7.8 Username and Password not accepted. Learn more at
535 5.7.8  https://support.google.com/mail/?p=BadCredentials v132sm71070718wme.20 - gsmtp

	at com.sun.mail.smtp.SMTPTransport$Authenticator.authenticate(SMTPTransport.java:965)
	at com.sun.mail.smtp.SMTPTransport.authenticate(SMTPTransport.java:876)
	at com.sun.mail.smtp.SMTPTransport.protocolConnect(SMTPTransport.java:780)
	at javax.mail.Service.connect(Service.java:388)
	at org.apache.camel.component.mail.DefaultJavaMailSender.send(DefaultJavaMailSender.java:113)
	at org.apache.camel.component.mail.MailProducer.process(MailProducer.java:63)
	at org.apache.camel.util.AsyncProcessorConverterHelper$ProcessorToAsyncProcessorBridge.process(AsyncProcessorConverterHelper.java:61)
	at org.apache.camel.processor.SharedCamelInternalProcessor.process(SharedCamelInternalProcessor.java:186)
	at org.apache.camel.processor.SharedCamelInternalProcessor.process(SharedCamelInternalProcessor.java:86)
	at org.apache.camel.impl.ProducerCache$1.doInProducer(ProducerCache.java:541)
	at org.apache.camel.impl.ProducerCache$1.doInProducer(ProducerCache.java:506)
	at org.apache.camel.impl.ProducerCache.doInProducer(ProducerCache.java:369)
	at org.apache.camel.impl.ProducerCache.sendExchange(ProducerCache.java:506)
	at org.apache.camel.impl.ProducerCache.send(ProducerCache.java:229)
	at org.apache.camel.impl.DefaultProducerTemplate.send(DefaultProducerTemplate.java:144)
	at org.apache.camel.impl.DefaultProducerTemplate.sendBodyAndHeaders(DefaultProducerTemplate.java:257)
	... 31 more
</error>
    <system-out>[                          main] DefaultCamelContext            INFO  Apache Camel 2.23.1 (CamelContext: camel-1) is starting
[                          main] DefaultCamelContext            DEBUG Using ClassResolver=org.apache.camel.impl.DefaultClassResolver@4bec1f0c, PackageScanClassResolver=org.apache.camel.impl.DefaultPackageScanClassResolver@29ca901e, ApplicationContextClassLoader=null, RouteController=org.apache.camel.impl.DefaultRouteController@5649fd9b
[                          main] ManagedManagementStrategy      INFO  JMX is enabled
[el Thread #0 - LRUCacheFactory] LRUCacheFactory                DEBUG Warming up LRUCache ...
[el Thread #0 - LRUCacheFactory] LRUCacheFactory                DEBUG Warming up LRUCache complete in 43 millis
[                          main] DefaultManagementAgent         DEBUG Starting JMX agent on server: com.sun.jmx.mbeanserver.JmxMBeanServer@5ec0a365
[                          main] DefaultManagementAgent         DEBUG Registered MBean with ObjectName: org.apache.camel:context=camel-1,type=context,name=&quot;camel-1&quot;
[                          main] TimerListenerManager           DEBUG Added TimerListener: org.apache.camel.management.mbean.ManagedCamelContext@176d53b2
[                          main] DefaultManagementAgent         DEBUG Registered MBean with ObjectName: org.apache.camel:context=camel-1,type=health,name=&quot;camel-1&quot;
[                          main] DefaultManagementAgent         DEBUG Registered MBean with ObjectName: org.apache.camel:context=camel-1,type=routecontrollers,name=&quot;camel-1&quot;
[                          main] DefaultManagementAgent         DEBUG Registered MBean with ObjectName: org.apache.camel:context=camel-1,type=services,name=DefaultTypeConverter
[                          main] AnnotationTypeConverterLoader  DEBUG Found 3 packages with 19 @Converter classes to load
[                          main] AnnotationTypeConverterLoader  DEBUG Loading file META-INF/services/org/apache/camel/TypeConverter to retrieve list of packages, from url: jar:file:/Users/anamattuzzi-stojanovic/.m2/repository/org/apache/camel/camel-core/2.23.1/camel-core-2.23.1.jar!/META-INF/services/org/apache/camel/TypeConverter
[                          main] AnnotationTypeConverterLoader  DEBUG Loading file META-INF/services/org/apache/camel/TypeConverter to retrieve list of packages, from url: jar:file:/Users/anamattuzzi-stojanovic/.m2/repository/org/apache/camel/camel-mail/2.23.1/camel-mail-2.23.1.jar!/META-INF/services/org/apache/camel/TypeConverter
[                          main] AnnotationTypeConverterLoader  DEBUG Loading file META-INF/services/org/apache/camel/TypeConverter to retrieve list of packages, from url: jar:file:/Users/anamattuzzi-stojanovic/.m2/repository/org/apache/camel/camel-spring/2.23.1/camel-spring-2.23.1.jar!/META-INF/services/org/apache/camel/TypeConverter
[                          main] AnnotationTypeConverterLoader  DEBUG Loading file META-INF/services/org/apache/camel/TypeConverter to retrieve list of packages, from url: jar:file:/Users/anamattuzzi-stojanovic/.m2/repository/org/apache/camel/camel-http4/2.23.1/camel-http4-2.23.1.jar!/META-INF/services/org/apache/camel/TypeConverter
[                          main] AnnotationTypeConverterLoader  DEBUG Loading file META-INF/services/org/apache/camel/TypeConverter to retrieve list of packages, from url: jar:file:/Users/anamattuzzi-stojanovic/.m2/repository/org/apache/camel/camel-http-common/2.23.1/camel-http-common-2.23.1.jar!/META-INF/services/org/apache/camel/TypeConverter
[                          main] AnnotationTypeConverterLoader  DEBUG Loading file META-INF/services/org/apache/camel/TypeConverter to retrieve list of packages, from url: jar:file:/Users/anamattuzzi-stojanovic/.m2/repository/org/apache/activemq/activemq-camel/5.15.8/activemq-camel-5.15.8.jar!/META-INF/services/org/apache/camel/TypeConverter
[                          main] AnnotationTypeConverterLoader  DEBUG Loaded 7 @Converter classes
[                          main] DefaultTypeConverter           INFO  Type converters loaded (core: 195, classpath: 18)
[                          main] ResolverHelper                 DEBUG Lookup Language with name simple in registry. Found: null
[                          main] ResolverHelper                 DEBUG Lookup Language with name simple-language in registry. Found: null
[                          main] SimpleLanguage                 DEBUG Simple language predicate/expression cache size: 1000
[                          main] DefaultManagementAgent         DEBUG Registered MBean with ObjectName: org.apache.camel:context=camel-1,type=services,name=DefaultEndpointRegistry
[                          main] DefaultManagementAgent         DEBUG Registered MBean with ObjectName: org.apache.camel:context=camel-1,type=services,name=DefaultExecutorServiceManager
[                          main] SharedProducerServicePool      DEBUG Starting service pool: org.apache.camel.impl.SharedProducerServicePool@35e2d654
[                          main] aredPollingConsumerServicePool DEBUG Starting service pool: org.apache.camel.impl.SharedPollingConsumerServicePool@1bd4fdd
[                          main] DefaultManagementAgent         DEBUG Registered MBean with ObjectName: org.apache.camel:context=camel-1,type=services,name=DefaultInflightRepository
[                          main] DefaultManagementAgent         DEBUG Registered MBean with ObjectName: org.apache.camel:context=camel-1,type=services,name=DefaultAsyncProcessorAwaitManager
[                          main] DefaultManagementAgent         DEBUG Registered MBean with ObjectName: org.apache.camel:context=camel-1,type=services,name=DefaultShutdownStrategy
[                          main] DefaultManagementAgent         DEBUG Registered MBean with ObjectName: org.apache.camel:context=camel-1,type=services,name=DefaultRestRegistry
[                          main] DefaultManagementAgent         DEBUG Registered MBean with ObjectName: org.apache.camel:context=camel-1,type=services,name=DefaultRuntimeCamelCatalog
[                          main] DefaultManagementAgent         DEBUG Registered MBean with ObjectName: org.apache.camel:context=camel-1,type=services,name=DefaultTransformerRegistry
[                          main] DefaultManagementAgent         DEBUG Registered MBean with ObjectName: org.apache.camel:context=camel-1,type=services,name=DefaultValidatorRegistry
[                          main] DefaultCamelContext            INFO  StreamCaching is not in use. If using streams then its recommended to enable stream caching. See more details at http://camel.apache.org/stream-caching.html
[                          main] HeadersMapFactoryResolver      DEBUG Creating default HeadersMapFactory
[                          main] DefaultCamelContext            DEBUG Using HeadersMapFactory: org.apache.camel.impl.DefaultHeadersMapFactory@40a4337a
[                          main] ultManagementLifecycleStrategy DEBUG Load performance statistics disabled
[                          main] DefaultCamelContext            INFO  Total 0 routes, of which 0 are started
[                          main] DefaultCamelContext            INFO  Apache Camel 2.23.1 (CamelContext: camel-1) started in 0.486 seconds
[                          main] DefaultCamelContext            DEBUG Using ComponentResolver: org.apache.camel.impl.DefaultComponentResolver@f5958c9 to resolve component with name: smtps
[                          main] ResolverHelper                 DEBUG Lookup Component with name smtps in registry. Found: null
[                          main] ResolverHelper                 DEBUG Lookup Component with name smtps-component in registry. Found: null
[                          main] DefaultComponentResolver       DEBUG Found component: smtps via type: org.apache.camel.component.mail.MailComponent via: META-INF/services/org/apache/camel/component/smtps
[                          main] DefaultManagementAgent         DEBUG Registered MBean with ObjectName: org.apache.camel:context=camel-1,type=components,name=&quot;smtps&quot;
[                          main] DefaultComponent               DEBUG Cannot resolve property placeholders on component: org.apache.camel.component.mail.MailComponent@3a52dba3 as PropertiesComponent is not in use
[                          main] DefaultComponent               DEBUG Creating endpoint uri=[smtps://smtp.gmail.com?password=xxxxxx&amp;username=yourmailhere%40gmail.com], path=[smtp.gmail.com]
[                          main] DefaultCamelContext            DEBUG smtps://smtp.gmail.com?password=xxxxxx&amp;username=yourmailhere%40gmail.com converted to endpoint: smtps://smtp.gmail.com?password=xxxxxx&amp;username=yourmailhere%40gmail.com by component: org.apache.camel.component.mail.MailComponent@3a52dba3
[                          main] ProducerCache                  DEBUG &gt;&gt;&gt;&gt; smtps://smtp.gmail.com?password=xxxxxx&amp;username=yourmailhere%40gmail.com Exchange[]
[                          main] MailProducer                   DEBUG Sending MimeMessage: messageNumber=[0], from=[smbaiwsy@gmail.com], to=[smbaiwsy@gmail.com], subject=[Camel rocks]
[                          main] DefaultJavaMailSender          DEBUG Connecting to smtp.gmail.com:465
</system-out>
  </testcase>
</testsuite>